<?xml version="1.0" encoding="UTF-8"?>
<!-- Generated by org.testng.reporters.JUnitXMLReporter -->
<testsuite ignored="0" hostname="LAPTOP-H6ICRR5G" failures="0" tests="3" name="Default test" time="46.947" errors="0" timestamp="28 Dec 2022 03:53:37 GMT">
  <testcase classname="com.datadriven.test.DemoqaTest" name="demoqaPage" time="2.777"/>
  <testcase classname="com.datadriven.test.DemoqaTest" name="demoqaPage" time="2.681"/>
  <testcase classname="com.datadriven.test.DemoqaTest" name="demoqaPage" time="2.649"/>
</testsuite> <!-- Default test -->
